<?xml version="1.0" encoding="UTF-8"?>
<testng-results ignored="0" total="3" passed="3" failed="0" skipped="0">
  <reporter-output>
  </reporter-output>
  <suite started-at="2020-06-03T14:52:33 EDT" name="Default suite" finished-at="2020-06-03T14:52:33 EDT" duration-ms="112">
    <groups>
    </groups>
    <test started-at="2020-06-03T14:52:33 EDT" name="Default test" finished-at="2020-06-03T14:52:33 EDT" duration-ms="112">
      <class name="TestNG.Prioritytestcase">
        <test-method signature="testcase3()[pri:1, instance:TestNG.Prioritytestcase@36bc55de]" started-at="2020-06-03T14:52:33 EDT" name="testcase3" finished-at="2020-06-03T14:52:33 EDT" duration-ms="12" status="PASS">
          <reporter-output>
          </reporter-output>
        </test-method> <!-- testcase3 -->
        <test-method signature="testcase1()[pri:2, instance:TestNG.Prioritytestcase@36bc55de]" started-at="2020-06-03T14:52:33 EDT" name="testcase1" description="Firsttestcase" finished-at="2020-06-03T14:52:33 EDT" duration-ms="3" status="PASS">
          <reporter-output>
          </reporter-output>
        </test-method> <!-- testcase1 -->
        <test-method signature="testcase2()[pri:3, instance:TestNG.Prioritytestcase@36bc55de]" started-at="2020-06-03T14:52:33 EDT" name="testcase2" finished-at="2020-06-03T14:52:33 EDT" duration-ms="6" status="PASS">
          <reporter-output>
          </reporter-output>
        </test-method> <!-- testcase2 -->
      </class> <!-- TestNG.Prioritytestcase -->
    </test> <!-- Default test -->
  </suite> <!-- Default suite -->
</testng-results>
