<?xml version="1.0" encoding="UTF-8"?>
<!-- Generated by org.testng.reporters.JUnitXMLReporter -->
<testsuite ignored="0" hostname="LAPTOP-A1980DM2" failures="0" tests="3" name="Default test" time="0.112" errors="0" timestamp="2020-06-03T14:52:33 EDT">
  <testcase classname="TestNG.Prioritytestcase" name="testcase3" time="0.012"/>
  <testcase classname="TestNG.Prioritytestcase" name="testcase1" time="0.003"/>
  <testcase classname="TestNG.Prioritytestcase" name="testcase2" time="0.006"/>
</testsuite> <!-- Default test -->
